Settings:
test.propFile=cache_check.prop
test.mode=client
test.host=
test.port=9061
test.verbose=false
test.statInterval=2000
test.latencyStats=false
test.rate=1
test.startRate=1
test.rampUpSecs=0
test.timeSyncPort=0
test.senders=1
test.reportUnchangedQuotes=true
test.filePerSender=false
test.secs=60000
test.packetType=CSV
test.stocksFile=
test.stocksFileLength=0
test.csvDataFile=cache_check.csv
test.ticksPerPacket=20
test.loopBack=true
test.senderSkew=0


INFO: 1 senders
INFO:  PacketSender (name=Send0 host= port=9061) connected and ready to start.   Ticks/Second = 2000.   Micros per tick = 500.
PerfStats
  Name = com.bea.wlevs.adapter.packet.impl.marketsim.CSVFileDataStream
  CurrentTime = 2014-01-27 18:36:09.093
  CurrentTimeMillis = 1390876569093
  DeltaTime = 2968.404 ms
  Count = 3
  Count/Sec = 1.01064410370017

PerfStats
  Name = com.bea.wlevs.adapter.packet.impl.marketsim.CSVFileDataStream
  CurrentTime = 2014-01-27 18:36:12.093
  CurrentTimeMillis = 1390876572093
  DeltaTime = 3000.436 ms
  Count = 3
  Count/Sec = 0.9998546877853751

PerfStats
  Name = com.bea.wlevs.adapter.packet.impl.marketsim.CSVFileDataStream
  CurrentTime = 2014-01-27 18:36:15.093
  CurrentTimeMillis = 1390876575093
  DeltaTime = 2999.453 ms
  Count = 3
  Count/Sec = 1.0001823665848406

PerfStats
  Name = com.bea.wlevs.adapter.packet.impl.marketsim.CSVFileDataStream
  CurrentTime = 2014-01-27 18:36:18.093
  CurrentTimeMillis = 1390876578093
  DeltaTime = 3000.367 ms
  Count = 3
  Count/Sec = 0.9998776816302806

PerfStats
  Name = com.bea.wlevs.adapter.packet.impl.marketsim.CSVFileDataStream
  CurrentTime = 2014-01-27 18:36:21.093
  CurrentTimeMillis = 1390876581093
  DeltaTime = 2999.836 ms
  Count = 3
  Count/Sec = 1.0000546696552746

PerfStats
  Name = com.bea.wlevs.adapter.packet.impl.marketsim.CSVFileDataStream
  CurrentTime = 2014-01-27 18:36:24.093
  CurrentTimeMillis = 1390876584093
  DeltaTime = 3000.324 ms
  Count = 3
  Count/Sec = 0.9998920116627403

PerfStats
  Name = com.bea.wlevs.adapter.packet.impl.marketsim.CSVFileDataStream
  CurrentTime = 2014-01-27 18:36:27.093
  CurrentTimeMillis = 1390876587093
  DeltaTime = 2999.54 ms
  Count = 3
  Count/Sec = 1.00015335684805

PerfStats
  Name = com.bea.wlevs.adapter.packet.impl.marketsim.CSVFileDataStream
  CurrentTime = 2014-01-27 18:36:30.093
  CurrentTimeMillis = 1390876590093
  DeltaTime = 3000.731 ms
  Count = 3
  Count/Sec = 0.999756392692314

PerfStats
  Name = com.bea.wlevs.adapter.packet.impl.marketsim.CSVFileDataStream
  CurrentTime = 2014-01-27 18:36:33.093
  CurrentTimeMillis = 1390876593093
  DeltaTime = 2999.542 ms
  Count = 3
  Count/Sec = 1.0001526899773365

PerfStats
  Name = com.bea.wlevs.adapter.packet.impl.marketsim.CSVFileDataStream
  CurrentTime = 2014-01-27 18:36:36.093
  CurrentTimeMillis = 1390876596093
  DeltaTime = 3000.174 ms
  Count = 3
  Count/Sec = 0.9999420033638048

PerfStats
  Name = com.bea.wlevs.adapter.packet.impl.marketsim.CSVFileDataStream
  CurrentTime = 2014-01-27 18:36:39.093
  CurrentTimeMillis = 1390876599093
  DeltaTime = 2999.981 ms
  Count = 3
  Count/Sec = 1.0000063333734448

PerfStats
  Name = com.bea.wlevs.adapter.packet.impl.marketsim.CSVFileDataStream
  CurrentTime = 2014-01-27 18:36:42.093
  CurrentTimeMillis = 1390876602093
  DeltaTime = 3000.055 ms
  Count = 3
  Count/Sec = 0.9999816670027716

PerfStats
  Name = com.bea.wlevs.adapter.packet.impl.marketsim.CSVFileDataStream
  CurrentTime = 2014-01-27 18:36:45.093
  CurrentTimeMillis = 1390876605093
  DeltaTime = 3000.205 ms
  Count = 3
  Count/Sec = 0.9999316713357921

PerfStats
  Name = com.bea.wlevs.adapter.packet.impl.marketsim.CSVFileDataStream
  CurrentTime = 2014-01-27 18:36:48.093
  CurrentTimeMillis = 1390876608093
  DeltaTime = 2999.353 ms
  Count = 3
  Count/Sec = 1.000215713188811

PerfStats
  Name = com.bea.wlevs.adapter.packet.impl.marketsim.CSVFileDataStream
  CurrentTime = 2014-01-27 18:36:51.093
  CurrentTimeMillis = 1390876611093
  DeltaTime = 3000.186 ms
  Count = 3
  Count/Sec = 0.9999380038437616

PerfStats
  Name = com.bea.wlevs.adapter.packet.impl.marketsim.CSVFileDataStream
  CurrentTime = 2014-01-27 18:36:54.093
  CurrentTimeMillis = 1390876614093
  DeltaTime = 3000.437 ms
  Count = 3
  Count/Sec = 0.9998543545490206

PerfStats
  Name = com.bea.wlevs.adapter.packet.impl.marketsim.CSVFileDataStream
  CurrentTime = 2014-01-27 18:36:57.094
  CurrentTimeMillis = 1390876617094
  DeltaTime = 3000.108 ms
  Count = 3
  Count/Sec = 0.9999640012959533

PerfStats
  Name = com.bea.wlevs.adapter.packet.impl.marketsim.CSVFileDataStream
  CurrentTime = 2014-01-27 18:37:00.093
  CurrentTimeMillis = 1390876620093
  DeltaTime = 2999.262 ms
  Count = 3
  Count/Sec = 1.0002460605308907

PerfStats
  Name = com.bea.wlevs.adapter.packet.impl.marketsim.CSVFileDataStream
  CurrentTime = 2014-01-27 18:37:03.093
  CurrentTimeMillis = 1390876623093
  DeltaTime = 3000.58 ms
  Count = 3
  Count/Sec = 0.9998067040372195

PerfStats
  Name = com.bea.wlevs.adapter.packet.impl.marketsim.CSVFileDataStream
  CurrentTime = 2014-01-27 18:37:05.095
  CurrentTimeMillis = 1390876625095
  DeltaTime = 2001.982 ms
  Count = 3
  Count/Sec = 1.498514971663082

tats
  Name = com.bea.wlevs.adapter.packet.impl.marketsim.CSVFileDataStream
  CurrentTime = 2014-01-27 18:36:45.470
  CurrentTimeMillis = 1390876605470
  DeltaTime = 2999.946 ms
  Count = 3
  Count/Sec = 1.0000180003240058

PerfStats
  Name = com.bea.wlevs.adapter.packet.impl.marketsim.CSVFileDataStream
  CurrentTime = 2014-01-27 18:36:48.470
  CurrentTimeMillis = 1390876608470
  DeltaTime = 3000.062 ms
  Count = 3
  Count/Sec = 0.9999793337604357

PerfStats
  Name = com.bea.wlevs.adapter.packet.impl.marketsim.CSVFileDataStream
  CurrentTime = 2014-01-27 18:36:51.470
  CurrentTimeMillis = 1390876611470
  DeltaTime = 2999.909 ms
  Count = 3
  Count/Sec = 1.0000303342534724

PerfStats
  Name = com.bea.wlevs.adapter.packet.impl.marketsim.CSVFileDataStream
  CurrentTime = 2014-01-27 18:36:54.470
  CurrentTimeMillis = 1390876614470
  DeltaTime = 3000.142 ms
  Count = 3
  Count/Sec = 0.9999526689070051

PerfStats
  Name = com.bea.wlevs.adapter.packet.impl.marketsim.CSVFileDataStream
  CurrentTime = 2014-01-27 18:36:57.470
  CurrentTimeMillis = 1390876617470
  DeltaTime = 2999.966 ms
  Count = 3
  Count/Sec = 1.0000113334617793

PerfStats
  Name = com.bea.wlevs.adapter.packet.impl.marketsim.CSVFileDataStream
  CurrentTime = 2014-01-27 18:37:00.469
  CurrentTimeMillis = 1390876620469
  DeltaTime = 2999.636 ms
  Count = 3
  Count/Sec = 1.0001213480568976

PerfStats
  Name = com.bea.wlevs.adapter.packet.impl.marketsim.CSVFileDataStream
  CurrentTime = 2014-01-27 18:37:03.469
  CurrentTimeMillis = 1390876623469
  DeltaTime = 2999.915 ms
  Count = 3
  Count/Sec = 1.0000283341361338

PerfStats
  Name = com.bea.wlevs.adapter.packet.impl.marketsim.CSVFileDataStream
  CurrentTime = 2014-01-27 18:37:05.473
  CurrentTimeMillis = 1390876625473
  DeltaTime = 2003.256 ms
  Count = 3
  Count/Sec = 1.4975619691142819

